Started GET "/" for 127.0.0.1 at 2023-04-04 09:57:56 -0400
Processing by Rails::WelcomeController#index as HTML
  Rendering /Users/shootermcgabbin/.rbenv/versions/3.1.2/lib/ruby/gems/3.1.0/gems/railties-7.0.4.3/lib/rails/templates/rails/welcome/index.html.erb
  Rendered /Users/shootermcgabbin/.rbenv/versions/3.1.2/lib/ruby/gems/3.1.0/gems/railties-7.0.4.3/lib/rails/templates/rails/welcome/index.html.erb (Duration: 1.0ms | Allocations: 636)
Completed 200 OK in 9ms (Views: 3.7ms | ActiveRecord: 0.0ms | Allocations: 5099)


Started GET "/" for 127.0.0.1 at 2023-04-04 10:12:39 -0400
  
ActionController::RoutingError (uninitialized constant HomeController

      Object.const_get(camel_cased_word)
            ^^^^^^^^^^

            raise MissingController.new(error.message, error.name)
            ^^^^^):
  
Started GET "/" for 127.0.0.1 at 2023-04-04 10:12:41 -0400
  
ActionController::RoutingError (uninitialized constant HomeController

      Object.const_get(camel_cased_word)
            ^^^^^^^^^^

            raise MissingController.new(error.message, error.name)
            ^^^^^):
  
Started GET "/" for 127.0.0.1 at 2023-04-04 10:15:10 -0400
Processing by HomeController#index as HTML
  Rendering layout layouts/application.html.erb
  Rendering home/index.html.erb within layouts/application
  Rendered home/index.html.erb within layouts/application (Duration: 0.2ms | Allocations: 127)
  Rendered layout layouts/application.html.erb (Duration: 158.4ms | Allocations: 92090)
Completed 200 OK in 160ms (Views: 159.9ms | Allocations: 93048)


Started GET "/" for 127.0.0.1 at 2023-04-04 10:15:10 -0400
Processing by HomeController#index as HTML
  Rendering layout layouts/application.html.erb
  Rendering home/index.html.erb within layouts/application
  Rendered home/index.html.erb within layouts/application (Duration: 0.0ms | Allocations: 7)
  Rendered layout layouts/application.html.erb (Duration: 3.4ms | Allocations: 2454)
Completed 200 OK in 4ms (Views: 3.8ms | Allocations: 2712)


  [1m[35m (0.7ms)[0m  [1m[35mCREATE TABLE "schema_migrations" ("version" varchar NOT NULL PRIMARY KEY)[0m
  [1m[35m (0.3ms)[0m  [1m[35mCREATE TABLE "ar_internal_metadata" ("key" varchar NOT NULL PRIMARY KEY, "value" varchar, "created_at" datetime(6) NOT NULL, "updated_at" datetime(6) NOT NULL)[0m
  [1m[36mActiveRecord::SchemaMigration Pluck (0.0ms)[0m  [1m[34mSELECT "schema_migrations"."version" FROM "schema_migrations" ORDER BY "schema_migrations"."version" ASC[0m
Migrating to DeviseCreateUsers (20230404143638)
  [1m[36mTRANSACTION (0.0ms)[0m  [1m[36mbegin transaction[0m
  [1m[35m (0.2ms)[0m  [1m[35mCREATE TABLE "users" ("id" integer PRIMARY KEY AUTOINCREMENT NOT NULL, "email" varchar DEFAULT '' NOT NULL, "encrypted_password" varchar DEFAULT '' NOT NULL, "reset_password_token" varchar, "reset_password_sent_at" datetime(6), "remember_created_at" datetime(6), "created_at" datetime(6) NOT NULL, "updated_at" datetime(6) NOT NULL)[0m
  [1m[35m (0.0ms)[0m  [1m[35mCREATE UNIQUE INDEX "index_users_on_email" ON "users" ("email")[0m
  [1m[35m (0.0ms)[0m  [1m[35mCREATE UNIQUE INDEX "index_users_on_reset_password_token" ON "users" ("reset_password_token")[0m
  [1m[36mActiveRecord::SchemaMigration Create (0.1ms)[0m  [1m[32mINSERT INTO "schema_migrations" ("version") VALUES (?)[0m  [["version", "20230404143638"]]
  [1m[36mTRANSACTION (0.4ms)[0m  [1m[36mcommit transaction[0m
  [1m[36mActiveRecord::InternalMetadata Load (0.0ms)[0m  [1m[34mSELECT "ar_internal_metadata".* FROM "ar_internal_metadata" WHERE "ar_internal_metadata"."key" = ? LIMIT ?[0m  [["key", "environment"], ["LIMIT", 1]]
  [1m[36mTRANSACTION (0.0ms)[0m  [1m[36mbegin transaction[0m
  [1m[36mActiveRecord::InternalMetadata Create (0.1ms)[0m  [1m[32mINSERT INTO "ar_internal_metadata" ("key", "value", "created_at", "updated_at") VALUES (?, ?, ?, ?)[0m  [["key", "environment"], ["value", "development"], ["created_at", "2023-04-04 14:48:03.868094"], ["updated_at", "2023-04-04 14:48:03.868094"]]
  [1m[36mTRANSACTION (0.2ms)[0m  [1m[36mcommit transaction[0m
  [1m[36mActiveRecord::SchemaMigration Pluck (0.0ms)[0m  [1m[34mSELECT "schema_migrations"."version" FROM "schema_migrations" ORDER BY "schema_migrations"."version" ASC[0m
Started GET "/" for 127.0.0.1 at 2023-04-04 10:48:53 -0400
  [1m[36mActiveRecord::SchemaMigration Pluck (0.1ms)[0m  [1m[34mSELECT "schema_migrations"."version" FROM "schema_migrations" ORDER BY "schema_migrations"."version" ASC[0m
Processing by HomeController#index as HTML
  Rendering layout layouts/application.html.erb
  Rendering home/index.html.erb within layouts/application
  Rendered home/index.html.erb within layouts/application (Duration: 0.5ms | Allocations: 321)
  Rendered layout layouts/application.html.erb (Duration: 21.5ms | Allocations: 35824)
Completed 200 OK in 26ms (Views: 23.9ms | ActiveRecord: 0.0ms | Allocations: 39220)


Started GET "/users/sign_up" for 127.0.0.1 at 2023-04-04 10:49:39 -0400
Processing by Devise::RegistrationsController#new as HTML
  Rendering layout layouts/application.html.erb
  Rendering /Users/shootermcgabbin/.rbenv/versions/3.1.2/lib/ruby/gems/3.1.0/gems/devise-4.9.2/app/views/devise/registrations/new.html.erb within layouts/application
  Rendered /Users/shootermcgabbin/.rbenv/versions/3.1.2/lib/ruby/gems/3.1.0/gems/devise-4.9.2/app/views/devise/shared/_error_messages.html.erb (Duration: 0.4ms | Allocations: 256)
  Rendered /Users/shootermcgabbin/.rbenv/versions/3.1.2/lib/ruby/gems/3.1.0/gems/devise-4.9.2/app/views/devise/shared/_links.html.erb (Duration: 0.6ms | Allocations: 624)
  Rendered /Users/shootermcgabbin/.rbenv/versions/3.1.2/lib/ruby/gems/3.1.0/gems/devise-4.9.2/app/views/devise/registrations/new.html.erb within layouts/application (Duration: 13.7ms | Allocations: 7734)
  Rendered layout layouts/application.html.erb (Duration: 15.9ms | Allocations: 10135)
Completed 200 OK in 22ms (Views: 17.3ms | ActiveRecord: 0.3ms | Allocations: 17696)


Started POST "/users" for 127.0.0.1 at 2023-04-04 10:50:37 -0400
Processing by Devise::RegistrationsController#create as TURBO_STREAM
  Parameters: {"authenticity_token"=>"[FILTERED]", "user"=>{"email"=>"gabbylync@gmail.com", "password"=>"[FILTERED]", "password_confirmation"=>"[FILTERED]"}, "commit"=>"Sign up"}
  [1m[36mTRANSACTION (0.1ms)[0m  [1m[36mbegin transaction[0m
  [1m[36mUser Exists? (1.3ms)[0m  [1m[34mSELECT 1 AS one FROM "users" WHERE "users"."email" = ? LIMIT ?[0m  [["email", "gabbylync@gmail.com"], ["LIMIT", 1]]
  [1m[36mTRANSACTION (0.0ms)[0m  [1m[31mrollback transaction[0m
  Rendering layout layouts/application.html.erb
  Rendering /Users/shootermcgabbin/.rbenv/versions/3.1.2/lib/ruby/gems/3.1.0/gems/devise-4.9.2/app/views/devise/registrations/new.html.erb within layouts/application
  Rendered /Users/shootermcgabbin/.rbenv/versions/3.1.2/lib/ruby/gems/3.1.0/gems/devise-4.9.2/app/views/devise/shared/_error_messages.html.erb (Duration: 0.3ms | Allocations: 622)
  Rendered /Users/shootermcgabbin/.rbenv/versions/3.1.2/lib/ruby/gems/3.1.0/gems/devise-4.9.2/app/views/devise/shared/_links.html.erb (Duration: 0.1ms | Allocations: 79)
  Rendered /Users/shootermcgabbin/.rbenv/versions/3.1.2/lib/ruby/gems/3.1.0/gems/devise-4.9.2/app/views/devise/registrations/new.html.erb within layouts/application (Duration: 1.5ms | Allocations: 2485)
  Rendered layout layouts/application.html.erb (Duration: 12.4ms | Allocations: 4809)
Completed 422 Unprocessable Entity in 264ms (Views: 12.6ms | ActiveRecord: 1.4ms | Allocations: 14343)


Started POST "/users" for 127.0.0.1 at 2023-04-04 10:50:52 -0400
Processing by Devise::RegistrationsController#create as TURBO_STREAM
  Parameters: {"authenticity_token"=>"[FILTERED]", "user"=>{"email"=>"gabbylync@gmail.com", "password"=>"[FILTERED]", "password_confirmation"=>"[FILTERED]"}, "commit"=>"Sign up"}
  [1m[36mTRANSACTION (0.0ms)[0m  [1m[36mbegin transaction[0m
  [1m[36mUser Exists? (0.2ms)[0m  [1m[34mSELECT 1 AS one FROM "users" WHERE "users"."email" = ? LIMIT ?[0m  [["email", "gabbylync@gmail.com"], ["LIMIT", 1]]
  [1m[36mUser Create (2.1ms)[0m  [1m[32mINSERT INTO "users" ("email", "encrypted_password", "reset_password_token", "reset_password_sent_at", "remember_created_at", "created_at", "updated_at") VALUES (?, ?, ?, ?, ?, ?, ?)[0m  [["email", "gabbylync@gmail.com"], ["encrypted_password", "[FILTERED]"], ["reset_password_token", "[FILTERED]"], ["reset_password_sent_at", "[FILTERED]"], ["remember_created_at", nil], ["created_at", "2023-04-04 14:50:52.974020"], ["updated_at", "2023-04-04 14:50:52.974020"]]
  [1m[36mTRANSACTION (0.2ms)[0m  [1m[36mcommit transaction[0m
Redirected to http://127.0.0.1:3000/
Completed 303 See Other in 248ms (ActiveRecord: 2.5ms | Allocations: 7231)


Started GET "/" for 127.0.0.1 at 2023-04-04 10:50:52 -0400
Processing by HomeController#index as TURBO_STREAM
  Rendering layout layouts/application.html.erb
  Rendering home/index.html.erb within layouts/application
  Rendered home/index.html.erb within layouts/application (Duration: 0.0ms | Allocations: 7)
  Rendered layout layouts/application.html.erb (Duration: 1.8ms | Allocations: 2465)
Completed 200 OK in 2ms (Views: 2.0ms | ActiveRecord: 0.0ms | Allocations: 2763)


Started GET "/" for 127.0.0.1 at 2023-04-04 10:57:10 -0400
Processing by HomeController#index as HTML
  Rendering layout layouts/application.html.erb
  Rendering home/index.html.erb within layouts/application
  [1m[36mUser Load (0.7ms)[0m  [1m[34mSELECT "users".* FROM "users" WHERE "users"."id" = ? ORDER BY "users"."id" ASC LIMIT ?[0m  [["id", 1], ["LIMIT", 1]]
  ↳ app/views/home/index.html.erb:1
  Rendered home/index.html.erb within layouts/application (Duration: 8.8ms | Allocations: 2174)
  Rendered layout layouts/application.html.erb (Duration: 14.8ms | Allocations: 4797)
Completed 200 OK in 20ms (Views: 19.2ms | ActiveRecord: 1.1ms | Allocations: 5629)


Started DELETE "/users/sign_out" for 127.0.0.1 at 2023-04-04 10:58:07 -0400
Processing by Devise::SessionsController#destroy as TURBO_STREAM
  Parameters: {"authenticity_token"=>"[FILTERED]"}
  [1m[36mUser Load (0.1ms)[0m  [1m[34mSELECT "users".* FROM "users" WHERE "users"."id" = ? ORDER BY "users"."id" ASC LIMIT ?[0m  [["id", 1], ["LIMIT", 1]]
Redirected to http://127.0.0.1:3000/
Completed 303 See Other in 8ms (ActiveRecord: 0.1ms | Allocations: 3129)


Started GET "/" for 127.0.0.1 at 2023-04-04 10:58:07 -0400
Processing by HomeController#index as TURBO_STREAM
  Rendering layout layouts/application.html.erb
  Rendering home/index.html.erb within layouts/application
  Rendered home/index.html.erb within layouts/application (Duration: 0.5ms | Allocations: 608)
  Rendered layout layouts/application.html.erb (Duration: 3.4ms | Allocations: 2941)
Completed 200 OK in 4ms (Views: 3.9ms | ActiveRecord: 0.0ms | Allocations: 3282)


Started POST "/users/sign_in" for 127.0.0.1 at 2023-04-04 10:58:08 -0400
Processing by Devise::SessionsController#create as TURBO_STREAM
  Parameters: {"authenticity_token"=>"[FILTERED]"}
Completed 401 Unauthorized in 2ms (ActiveRecord: 0.0ms | Allocations: 441)


Processing by Devise::SessionsController#new as TURBO_STREAM
  Parameters: {"authenticity_token"=>"[FILTERED]"}
  Rendering layout layouts/application.html.erb
  Rendering /Users/shootermcgabbin/.rbenv/versions/3.1.2/lib/ruby/gems/3.1.0/gems/devise-4.9.2/app/views/devise/sessions/new.html.erb within layouts/application
  Rendered /Users/shootermcgabbin/.rbenv/versions/3.1.2/lib/ruby/gems/3.1.0/gems/devise-4.9.2/app/views/devise/shared/_links.html.erb (Duration: 1.5ms | Allocations: 713)
  Rendered /Users/shootermcgabbin/.rbenv/versions/3.1.2/lib/ruby/gems/3.1.0/gems/devise-4.9.2/app/views/devise/sessions/new.html.erb within layouts/application (Duration: 9.9ms | Allocations: 2966)
  Rendered layout layouts/application.html.erb (Duration: 12.8ms | Allocations: 5349)
Completed 200 OK in 18ms (Views: 16.6ms | ActiveRecord: 0.0ms | Allocations: 6473)


Started GET "/users/sign_up" for 127.0.0.1 at 2023-04-04 11:01:41 -0400
Processing by Devise::RegistrationsController#new as HTML
  Rendering layout layouts/application.html.erb
  Rendering /Users/shootermcgabbin/.rbenv/versions/3.1.2/lib/ruby/gems/3.1.0/gems/devise-4.9.2/app/views/devise/registrations/new.html.erb within layouts/application
  Rendered /Users/shootermcgabbin/.rbenv/versions/3.1.2/lib/ruby/gems/3.1.0/gems/devise-4.9.2/app/views/devise/shared/_error_messages.html.erb (Duration: 0.7ms | Allocations: 209)
  Rendered /Users/shootermcgabbin/.rbenv/versions/3.1.2/lib/ruby/gems/3.1.0/gems/devise-4.9.2/app/views/devise/shared/_links.html.erb (Duration: 0.1ms | Allocations: 89)
  Rendered /Users/shootermcgabbin/.rbenv/versions/3.1.2/lib/ruby/gems/3.1.0/gems/devise-4.9.2/app/views/devise/registrations/new.html.erb within layouts/application (Duration: 3.3ms | Allocations: 2034)
  Rendered layout layouts/application.html.erb (Duration: 12.4ms | Allocations: 4432)
Completed 200 OK in 16ms (Views: 14.2ms | ActiveRecord: 0.0ms | Allocations: 5578)


Started POST "/users" for 127.0.0.1 at 2023-04-04 11:02:00 -0400
Processing by Devise::RegistrationsController#create as TURBO_STREAM
  Parameters: {"authenticity_token"=>"[FILTERED]", "user"=>{"email"=>"joe@joe.com", "password"=>"[FILTERED]", "password_confirmation"=>"[FILTERED]"}, "commit"=>"Sign up"}
  [1m[36mTRANSACTION (0.1ms)[0m  [1m[36mbegin transaction[0m
  [1m[36mUser Exists? (1.5ms)[0m  [1m[34mSELECT 1 AS one FROM "users" WHERE "users"."email" = ? LIMIT ?[0m  [["email", "joe@joe.com"], ["LIMIT", 1]]
  [1m[36mUser Create (0.7ms)[0m  [1m[32mINSERT INTO "users" ("email", "encrypted_password", "reset_password_token", "reset_password_sent_at", "remember_created_at", "created_at", "updated_at") VALUES (?, ?, ?, ?, ?, ?, ?)[0m  [["email", "joe@joe.com"], ["encrypted_password", "[FILTERED]"], ["reset_password_token", "[FILTERED]"], ["reset_password_sent_at", "[FILTERED]"], ["remember_created_at", nil], ["created_at", "2023-04-04 15:02:00.736432"], ["updated_at", "2023-04-04 15:02:00.736432"]]
  [1m[36mTRANSACTION (0.2ms)[0m  [1m[36mcommit transaction[0m
Redirected to http://127.0.0.1:3000/
Completed 303 See Other in 251ms (ActiveRecord: 2.6ms | Allocations: 6119)


Started GET "/" for 127.0.0.1 at 2023-04-04 11:02:00 -0400
Processing by HomeController#index as TURBO_STREAM
  Rendering layout layouts/application.html.erb
  Rendering home/index.html.erb within layouts/application
  [1m[36mUser Load (0.0ms)[0m  [1m[34mSELECT "users".* FROM "users" WHERE "users"."id" = ? ORDER BY "users"."id" ASC LIMIT ?[0m  [["id", 2], ["LIMIT", 1]]
  ↳ app/views/home/index.html.erb:1
  Rendered home/index.html.erb within layouts/application (Duration: 0.9ms | Allocations: 1266)
  Rendered layout layouts/application.html.erb (Duration: 3.6ms | Allocations: 3477)
Completed 200 OK in 4ms (Views: 3.7ms | ActiveRecord: 0.0ms | Allocations: 3730)


  [1m[36mActiveRecord::SchemaMigration Pluck (0.1ms)[0m  [1m[34mSELECT "schema_migrations"."version" FROM "schema_migrations" ORDER BY "schema_migrations"."version" ASC[0m
Migrating to CreateAddresses (20230404170513)
  [1m[36mTRANSACTION (0.0ms)[0m  [1m[36mbegin transaction[0m
  [1m[35m (0.9ms)[0m  [1m[35mCREATE TABLE "addresses" ("id" integer PRIMARY KEY AUTOINCREMENT NOT NULL, "street_address" varchar NOT NULL, "city" varchar NOT NULL, "postal_code" varchar NOT NULL, "created_at" datetime(6) NOT NULL, "updated_at" datetime(6) NOT NULL)[0m
  [1m[36mActiveRecord::SchemaMigration Create (0.1ms)[0m  [1m[32mINSERT INTO "schema_migrations" ("version") VALUES (?)[0m  [["version", "20230404170513"]]
  [1m[36mTRANSACTION (0.4ms)[0m  [1m[36mcommit transaction[0m
  [1m[36mActiveRecord::InternalMetadata Load (0.3ms)[0m  [1m[34mSELECT "ar_internal_metadata".* FROM "ar_internal_metadata" WHERE "ar_internal_metadata"."key" = ? LIMIT ?[0m  [["key", "environment"], ["LIMIT", 1]]
  [1m[36mActiveRecord::SchemaMigration Pluck (0.0ms)[0m  [1m[34mSELECT "schema_migrations"."version" FROM "schema_migrations" ORDER BY "schema_migrations"."version" ASC[0m
  [1m[36mActiveRecord::SchemaMigration Pluck (0.2ms)[0m  [1m[34mSELECT "schema_migrations"."version" FROM "schema_migrations" ORDER BY "schema_migrations"."version" ASC[0m
Migrating to CreateEmployees (20230404183521)
  [1m[36mTRANSACTION (0.0ms)[0m  [1m[36mbegin transaction[0m
  [1m[35m (0.4ms)[0m  [1m[35mCREATE TABLE "employees" ("id" integer PRIMARY KEY AUTOINCREMENT NOT NULL, "user_id" integer NOT NULL, "address_id" integer NOT NULL, "phone" varchar NOT NULL, "email" varchar, "created_at" datetime(6) NOT NULL, "updated_at" datetime(6) NOT NULL)[0m
  [1m[36mActiveRecord::SchemaMigration Create (0.0ms)[0m  [1m[32mINSERT INTO "schema_migrations" ("version") VALUES (?)[0m  [["version", "20230404183521"]]
  [1m[36mTRANSACTION (0.5ms)[0m  [1m[36mcommit transaction[0m
  [1m[36mActiveRecord::InternalMetadata Load (0.6ms)[0m  [1m[34mSELECT "ar_internal_metadata".* FROM "ar_internal_metadata" WHERE "ar_internal_metadata"."key" = ? LIMIT ?[0m  [["key", "environment"], ["LIMIT", 1]]
  [1m[36mActiveRecord::SchemaMigration Pluck (0.0ms)[0m  [1m[34mSELECT "schema_migrations"."version" FROM "schema_migrations" ORDER BY "schema_migrations"."version" ASC[0m
  [1m[36mActiveRecord::SchemaMigration Pluck (0.1ms)[0m  [1m[34mSELECT "schema_migrations"."version" FROM "schema_migrations" ORDER BY "schema_migrations"."version" ASC[0m
Migrating to CreateRestaurants (20230404191143)
  [1m[36mTRANSACTION (0.0ms)[0m  [1m[36mbegin transaction[0m
  [1m[35m (0.5ms)[0m  [1m[35mCREATE TABLE "restaurants" ("id" integer PRIMARY KEY AUTOINCREMENT NOT NULL, "user_id" integer NOT NULL, "address_id" integer NOT NULL, "phone" varchar NOT NULL, "email" varchar, "name" varchar NOT NULL, "price_range" integer(1) DEFAULT 1 NOT NULL, "active" boolean DEFAULT 1 NOT NULL, "created_at" datetime(6) NOT NULL, "updated_at" datetime(6) NOT NULL)[0m
  [1m[36mActiveRecord::SchemaMigration Create (0.1ms)[0m  [1m[32mINSERT INTO "schema_migrations" ("version") VALUES (?)[0m  [["version", "20230404191143"]]
  [1m[36mTRANSACTION (0.6ms)[0m  [1m[36mcommit transaction[0m
  [1m[36mActiveRecord::InternalMetadata Load (0.2ms)[0m  [1m[34mSELECT "ar_internal_metadata".* FROM "ar_internal_metadata" WHERE "ar_internal_metadata"."key" = ? LIMIT ?[0m  [["key", "environment"], ["LIMIT", 1]]
  [1m[36mActiveRecord::SchemaMigration Pluck (0.0ms)[0m  [1m[34mSELECT "schema_migrations"."version" FROM "schema_migrations" ORDER BY "schema_migrations"."version" ASC[0m
  [1m[36mActiveRecord::SchemaMigration Pluck (0.1ms)[0m  [1m[34mSELECT "schema_migrations"."version" FROM "schema_migrations" ORDER BY "schema_migrations"."version" ASC[0m
Migrating to CreateCustomers (20230404201731)
  [1m[36mActiveRecord::SchemaMigration Pluck (0.1ms)[0m  [1m[34mSELECT "schema_migrations"."version" FROM "schema_migrations" ORDER BY "schema_migrations"."version" ASC[0m
Migrating to CreateCustomers (20230404201731)
  [1m[36mTRANSACTION (0.0ms)[0m  [1m[36mbegin transaction[0m
  [1m[35m (0.5ms)[0m  [1m[35mCREATE TABLE "customers" ("id" integer PRIMARY KEY AUTOINCREMENT NOT NULL, "user_id" integer NOT NULL, "address_id" integer NOT NULL, "phone" varchar NOT NULL, "email" varchar, "active" boolean DEFAULT 1 NOT NULL, "created_at" datetime(6) NOT NULL, "updated_at" datetime(6) NOT NULL)[0m
  [1m[36mActiveRecord::SchemaMigration Create (0.1ms)[0m  [1m[32mINSERT INTO "schema_migrations" ("version") VALUES (?)[0m  [["version", "20230404201731"]]
  [1m[36mTRANSACTION (0.3ms)[0m  [1m[36mcommit transaction[0m
  [1m[36mActiveRecord::InternalMetadata Load (0.2ms)[0m  [1m[34mSELECT "ar_internal_metadata".* FROM "ar_internal_metadata" WHERE "ar_internal_metadata"."key" = ? LIMIT ?[0m  [["key", "environment"], ["LIMIT", 1]]
  [1m[36mActiveRecord::SchemaMigration Pluck (0.0ms)[0m  [1m[34mSELECT "schema_migrations"."version" FROM "schema_migrations" ORDER BY "schema_migrations"."version" ASC[0m
  [1m[36mActiveRecord::SchemaMigration Pluck (0.2ms)[0m  [1m[34mSELECT "schema_migrations"."version" FROM "schema_migrations" ORDER BY "schema_migrations"."version" ASC[0m
Migrating to CreateProducts (20230404205117)
  [1m[36mTRANSACTION (0.0ms)[0m  [1m[36mbegin transaction[0m
  [1m[35m (0.9ms)[0m  [1m[35mCREATE TABLE "products" ("id" integer PRIMARY KEY AUTOINCREMENT NOT NULL, "restaurant_id" integer NOT NULL, "name" varchar NOT NULL, "description" varchar, "cost" integer DEFAULT 0 NOT NULL, "created_at" datetime(6) NOT NULL, "updated_at" datetime(6) NOT NULL)[0m
  [1m[36mActiveRecord::SchemaMigration Create (0.1ms)[0m  [1m[32mINSERT INTO "schema_migrations" ("version") VALUES (?)[0m  [["version", "20230404205117"]]
  [1m[36mTRANSACTION (0.4ms)[0m  [1m[36mcommit transaction[0m
  [1m[36mActiveRecord::InternalMetadata Load (0.2ms)[0m  [1m[34mSELECT "ar_internal_metadata".* FROM "ar_internal_metadata" WHERE "ar_internal_metadata"."key" = ? LIMIT ?[0m  [["key", "environment"], ["LIMIT", 1]]
  [1m[36mActiveRecord::SchemaMigration Pluck (0.0ms)[0m  [1m[34mSELECT "schema_migrations"."version" FROM "schema_migrations" ORDER BY "schema_migrations"."version" ASC[0m
